<?xml version="1.0" encoding="UTF-8"?>
<!-- Generated by org.testng.reporters.JUnitReportReporter -->
<testsuite hostname="Ammars-Air.fios-router.home" failures="0" tests="9" name="test.PetStoreApiTest" time="7.546" errors="0" timestamp="2022-12-21T13:39:30 EST" skipped="0">
  <testcase classname="test.PetStoreApiTest" name="updateCat" time="0.170"/>
  <system-out/>
  <testcase classname="test.PetStoreApiTest" name="getByID" time="0.380"/>
  <system-out/>
  <testcase classname="test.PetStoreApiTest" name="invalidIdupdateCat" time="0.275"/>
  <system-out/>
  <testcase classname="test.PetStoreApiTest" name="createCatWithJsonFile" time="0.253"/>
  <system-out/>
  <testcase classname="test.PetStoreApiTest" name="chainValidation" time="5.495"/>
  <system-out/>
  <testcase classname="test.PetStoreApiTest" name="postACat" time="0.284"/>
  <system-out/>
  <testcase classname="test.PetStoreApiTest" name="getPetById" time="0.146"/>
  <system-out/>
  <testcase classname="test.PetStoreApiTest" name="postAPet" time="0.336"/>
  <system-out/>
  <testcase classname="test.PetStoreApiTest" name="findByStatus" time="0.207"/>
  <system-out/>
</testsuite> <!-- test.PetStoreApiTest -->
