<?xml version="1.0" encoding="UTF-8"?>
<!-- Generated by org.testng.reporters.JUnitReportReporter -->
<testsuite hostname="Ammars-Air.fios-router.home" failures="0" tests="1" name="test.PetStoreApiTest" time="2.358" errors="0" timestamp="2022-12-17T23:26:23 EST" skipped="0">
  <testcase classname="test.PetStoreApiTest" name="createCatWithJsonFile" time="2.358"/>
  <system-out/>
</testsuite> <!-- test.PetStoreApiTest -->
