<?xml version="1.0" encoding="UTF-8"?>
<!-- Generated by org.testng.reporters.JUnitReportReporter -->
<testsuite hostname="Ammars-Air.fios-router.home" failures="0" tests="8" name="tests.PetStoreApiTests" time="3.620" errors="1" timestamp="2022-12-17T23:03:33 EST" skipped="0">
  <testcase classname="tests.PetStoreApiTests" name="findByStatus" time="0.175"/>
  <system-out/>
  <testcase classname="tests.PetStoreApiTests" name="getPetById" time="0.123"/>
  <system-out/>
  <testcase classname="tests.PetStoreApiTests" name="postACat" time="0.138"/>
  <system-out/>
  <testcase classname="tests.PetStoreApiTests" name="getByID" time="0.370"/>
  <system-out/>
  <testcase classname="tests.PetStoreApiTests" name="invalidIdupdateCat" time="2.484"/>
  <system-out/>
  <testcase classname="tests.PetStoreApiTests" name="postAPet" time="0.175"/>
  <system-out/>
  <testcase classname="tests.PetStoreApiTests" name="updateCat" time="0.149"/>
  <system-out/>
  <testcase classname="tests.PetStoreApiTests" name="createCatWithJsonFile" time="0.006">
    <error message="Unresolved compilation problem: 
	catID cannot be resolved to a variable
" type="java.lang.Error">
      <![CDATA[java.lang.Error: Unresolved compilation problem: 
catID cannot be resolved to a variable

at tests.PetStoreApiTests.createCatWithJsonFile(PetStoreApiTests.java:245)
at java.base/jdk.internal.reflect.NativeMethodAccessorImpl.invoke0(Native Method)
at java.base/jdk.internal.reflect.NativeMethodAccessorImpl.invoke(NativeMethodAccessorImpl.java:77)
at java.base/jdk.internal.reflect.DelegatingMethodAccessorImpl.invoke(DelegatingMethodAccessorImpl.java:43)
at java.base/java.lang.reflect.Method.invoke(Method.java:568)
at org.testng.internal.MethodInvocationHelper.invokeMethod(MethodInvocationHelper.java:133)
at org.testng.internal.TestInvoker.invokeMethod(TestInvoker.java:598)
at org.testng.internal.TestInvoker.invokeTestMethod(TestInvoker.java:173)
at org.testng.internal.MethodRunner.runInSequence(MethodRunner.java:46)
at org.testng.internal.TestInvoker$MethodInvocationAgent.invoke(TestInvoker.java:824)
at org.testng.internal.TestInvoker.invokeTestMethods(TestInvoker.java:146)
at org.testng.internal.TestMethodWorker.invokeTestMethods(TestMethodWorker.java:146)
at org.testng.internal.TestMethodWorker.run(TestMethodWorker.java:128)
at java.base/java.util.ArrayList.forEach(ArrayList.java:1511)
at org.testng.TestRunner.privateRun(TestRunner.java:794)
at org.testng.TestRunner.run(TestRunner.java:596)
at org.testng.SuiteRunner.runTest(SuiteRunner.java:377)
at org.testng.SuiteRunner.runSequentially(SuiteRunner.java:371)
at org.testng.SuiteRunner.privateRun(SuiteRunner.java:332)
at org.testng.SuiteRunner.run(SuiteRunner.java:276)
at org.testng.SuiteRunnerWorker.runSuite(SuiteRunnerWorker.java:53)
at org.testng.SuiteRunnerWorker.run(SuiteRunnerWorker.java:96)
at org.testng.TestNG.runSuitesSequentially(TestNG.java:1212)
at org.testng.TestNG.runSuitesLocally(TestNG.java:1134)
at org.testng.TestNG.runSuites(TestNG.java:1063)
at org.testng.TestNG.run(TestNG.java:1031)
at org.testng.remote.AbstractRemoteTestNG.run(AbstractRemoteTestNG.java:115)
at org.testng.remote.RemoteTestNG.initAndRun(RemoteTestNG.java:251)
at org.testng.remote.RemoteTestNG.main(RemoteTestNG.java:77)
]]>
    </error>
  </testcase> <!-- createCatWithJsonFile -->
  <system-out/>
</testsuite> <!-- tests.PetStoreApiTests -->
