<?xml version="1.0" encoding="UTF-8"?>
<!-- Generated by org.testng.reporters.JUnitReportReporter -->
<testsuite hostname="Ammars-Air.fios-router.home" failures="0" tests="9" name="test.PetStoreApiTest" time="5.690" errors="0" timestamp="2022-12-28T21:35:14 EST" skipped="0">
  <testcase classname="test.PetStoreApiTest" name="chainValidation" time="3.548"/>
  <system-out/>
  <testcase classname="test.PetStoreApiTest" name="createCatWithJsonFile" time="0.222"/>
  <system-out/>
  <testcase classname="test.PetStoreApiTest" name="findByStatus" time="0.173"/>
  <system-out/>
  <testcase classname="test.PetStoreApiTest" name="getByID" time="0.431"/>
  <system-out/>
  <testcase classname="test.PetStoreApiTest" name="postAPet" time="0.249"/>
  <system-out/>
  <testcase classname="test.PetStoreApiTest" name="updateCat" time="0.301"/>
  <system-out/>
  <testcase classname="test.PetStoreApiTest" name="getPetById" time="0.165"/>
  <system-out/>
  <testcase classname="test.PetStoreApiTest" name="invalidIdupdateCat" time="0.398"/>
  <system-out/>
  <testcase classname="test.PetStoreApiTest" name="postACat" time="0.203"/>
  <system-out/>
</testsuite> <!-- test.PetStoreApiTest -->
